<?xml version="1.0" encoding="UTF-8"?>
<!-- Generated by org.testng.reporters.JUnitXMLReporter -->
<testsuite ignored="0" hostname="DESKTOP-GNUP3S3" failures="0" tests="4" name="Surefire test" time="85.655" errors="0" timestamp="2025-07-31T23:27:41 IST">
  <testcase classname="tests.DynamicContentTests" name="testMainHeadlineVisibility" time="6.314"/>
  <testcase classname="tests.FormInteractionTests" name="testInputFieldsOnWatchDemoPage" time="4.604"/>
  <testcase classname="tests.NavigationTests" name="testNavigateToCareersPage" time="3.188"/>
  <testcase classname="tests.NavigationTests" name="testNavigateToContactPage" time="4.87"/>
</testsuite> <!-- Surefire test -->
